Using pre-set license
Built from '2021.1/staging' branch; Version is '2021.1.7f1 (d91830b65d9b) revision 14227504'; Using compiler version '192528614'; Build Type 'Release'
OS: 'Windows 10 Enterprise; OS build 19041.985; Version 2004; 64bit' Language: 'ru' Physical Memory: 32686 MB
BatchMode: 1, IsHumanControllingUs: 0, StartBugReporterOnCrash: 0, Is64bit: 1, IsPro: 0

 COMMAND LINE ARGUMENTS:
E:\Unity\2021.1.7f1\Editor\Unity.exe
-adb2
-batchMode
-noUpm
-name
AssetImportWorker0
-projectPath
E:/repositories/Warships
-logFile
Logs/AssetImportWorker0.log
-srvPort
64196
Successfully changed project path to: E:/repositories/Warships
E:/repositories/Warships
Using Asset Import Pipeline V2.
Refreshing native plugins compatible for Editor in 179.75 ms, found 2 plugins.
Preloading 0 native plugins for Editor in 0.00 ms.
Initialize engine version: 2021.1.7f1 (d91830b65d9b)
[Subsystems] Discovering subsystems at path E:/Unity/2021.1.7f1/Editor/Data/Resources/UnitySubsystems
[Subsystems] Discovering subsystems at path E:/repositories/Warships/Assets
GfxDevice: creating device client; threaded=0; jobified=0
Direct3D:
    Version:  Direct3D 11.0 [level 11.0]
    Renderer: NVIDIA GeForce GTX 750 (ID=0x1381)
    Vendor:   NVIDIA
    VRAM:     2007 MB
    Driver:   27.21.14.5671
Initialize mono
Mono path[0] = 'E:/Unity/2021.1.7f1/Editor/Data/Managed'
Mono path[1] = 'E:/Unity/2021.1.7f1/Editor/Data/MonoBleedingEdge/lib/mono/unityjit'
Mono config path = 'E:/Unity/2021.1.7f1/Editor/Data/MonoBleedingEdge/etc'
Using monoOptions --debugger-agent=transport=dt_socket,embedding=1,server=y,suspend=n,address=127.0.0.1:56056
Begin MonoManager ReloadAssembly
Registering precompiled unity dll's ...
Register platform support module: E:/Unity/2021.1.7f1/Editor/Data/PlaybackEngines/WindowsStandaloneSupport/UnityEditor.WindowsStandalone.Extensions.dll
Registered in 0.002038 seconds.
Native extension for WindowsStandalone target not found
Refreshing native plugins compatible for Editor in 188.28 ms, found 2 plugins.
Preloading 0 native plugins for Editor in 0.00 ms.
Mono: successfully reloaded assembly
- Completed reload, in  3.295 seconds
Platform modules already initialized, skipping
Registering precompiled user dll's ...
Registered in 0.004044 seconds.
Begin MonoManager ReloadAssembly
Symbol file LoadedFromMemory doesn't match image E:\repositories\Warships\Library\PackageCache\com.unity.visualscripting@1.6.1\Editor\VisualScripting.Core\Dependencies\YamlDotNet\Unity.VisualScripting.YamlDotNet.dll
Symbol file LoadedFromMemory doesn't match image E:\repositories\Warships\Library\PackageCache\com.unity.visualscripting@1.6.1\Editor\VisualScripting.Core\Dependencies\DotNetZip\Unity.VisualScripting.IonicZip.dll
Native extension for WindowsStandalone target not found
Refreshing native plugins compatible for Editor in 181.99 ms, found 2 plugins.
Preloading 0 native plugins for Editor in 0.00 ms.
Mono: successfully reloaded assembly
- Completed reload, in  2.204 seconds
Platform modules already initialized, skipping
========================================================================
Worker process is ready to serve import requests
Launched and connected shader compiler UnityShaderCompiler.exe after 0.08 seconds
Refreshing native plugins compatible for Editor in 1.83 ms, found 2 plugins.
Preloading 0 native plugins for Editor in 0.00 ms.
Unloading 3388 Unused Serialized files (Serialized files now loaded: 0)
System memory in use before: 128.4 MB.
System memory in use after: 128.5 MB.

Unloading 28 unused Assets to reduce memory usage. Loaded Objects now: 3843.
Total: 4.681700 ms (FindLiveObjects: 0.408300 ms CreateObjectMapping: 0.309900 ms MarkObjects: 3.659200 ms  DeleteObjects: 0.302300 ms)

========================================================================
Received Import Request.
  path: Assets/Scripts/Ships/ShipBlade.cs
  artifactKey: Guid(7869b70c854006e4aa6c2b05752b3216) Importer(815301076,1909f56bfc062723c751e8b465ee728b)
Start importing Assets/Scripts/Ships/ShipBlade.cs using Guid(7869b70c854006e4aa6c2b05752b3216) Importer(815301076,1909f56bfc062723c751e8b465ee728b)  -> (artifact id: 'b204b6b7f7fbffc1ffffd44b1d94c2fb') in 0.212923 seconds 
========================================================================
Received Import Request.
  Time since last request: 278.685026 seconds.
  path: Assets/Scripts/Ships/ShipBlade.cs
  artifactKey: Guid(7869b70c854006e4aa6c2b05752b3216) Importer(815301076,1909f56bfc062723c751e8b465ee728b)
Start importing Assets/Scripts/Ships/ShipBlade.cs using Guid(7869b70c854006e4aa6c2b05752b3216) Importer(815301076,1909f56bfc062723c751e8b465ee728b)  -> (artifact id: 'a0254b246d7fc47a7a4bd7d0a69b4cc6') in 0.002931 seconds 
========================================================================
Received Import Request.
  Time since last request: 383.391157 seconds.
  path: Assets/Scripts/Ships/ShipBlade.cs
  artifactKey: Guid(7869b70c854006e4aa6c2b05752b3216) Importer(815301076,1909f56bfc062723c751e8b465ee728b)
Start importing Assets/Scripts/Ships/ShipBlade.cs using Guid(7869b70c854006e4aa6c2b05752b3216) Importer(815301076,1909f56bfc062723c751e8b465ee728b)  -> (artifact id: '3c473339c0e6f90e2c700634b6cdd38e') in 0.002689 seconds 
========================================================================
Received Prepare
Registering precompiled user dll's ...
Registered in 0.004340 seconds.
Begin MonoManager ReloadAssembly
Symbol file LoadedFromMemory doesn't match image E:\repositories\Warships\Library\PackageCache\com.unity.visualscripting@1.6.1\Editor\VisualScripting.Core\Dependencies\YamlDotNet\Unity.VisualScripting.YamlDotNet.dll
Symbol file LoadedFromMemory doesn't match image E:\repositories\Warships\Library\PackageCache\com.unity.visualscripting@1.6.1\Editor\VisualScripting.Core\Dependencies\DotNetZip\Unity.VisualScripting.IonicZip.dll
Native extension for WindowsStandalone target not found
Refreshing native plugins compatible for Editor in 1.60 ms, found 2 plugins.
Preloading 0 native plugins for Editor in 0.00 ms.
Mono: successfully reloaded assembly
- Completed reload, in  1.919 seconds
Platform modules already initialized, skipping
Refreshing native plugins compatible for Editor in 0.87 ms, found 2 plugins.
Preloading 0 native plugins for Editor in 0.00 ms.
Unloading 3383 Unused Serialized files (Serialized files now loaded: 0)
System memory in use before: 128.5 MB.
System memory in use after: 128.5 MB.

Unloading 16 unused Assets to reduce memory usage. Loaded Objects now: 3847.
Total: 6.007600 ms (FindLiveObjects: 0.515000 ms CreateObjectMapping: 0.309000 ms MarkObjects: 4.912700 ms  DeleteObjects: 0.267800 ms)

========================================================================
Received Import Request.
  Time since last request: 51.750190 seconds.
  path: Assets/Prefab/Ships/ShipBlade.prefab
  artifactKey: Guid(50ae84eaf89f2914c8157c0d0b92e6a7) Importer(815301076,1909f56bfc062723c751e8b465ee728b)
Start importing Assets/Prefab/Ships/ShipBlade.prefab using Guid(50ae84eaf89f2914c8157c0d0b92e6a7) Importer(815301076,1909f56bfc062723c751e8b465ee728b)  -> (artifact id: '8e42f980029266bd7b1343bbccd8e1bb') in 0.249733 seconds 
========================================================================
Received Import Request.
  Time since last request: 8.745657 seconds.
  path: Assets/Prefab/Ships/ShipBlade.prefab
  artifactKey: Guid(50ae84eaf89f2914c8157c0d0b92e6a7) Importer(815301076,1909f56bfc062723c751e8b465ee728b)
Start importing Assets/Prefab/Ships/ShipBlade.prefab using Guid(50ae84eaf89f2914c8157c0d0b92e6a7) Importer(815301076,1909f56bfc062723c751e8b465ee728b)  -> (artifact id: '28f29b27afa0a89a027c19f89041a69a') in 0.021714 seconds 
========================================================================
Received Prepare
Registering precompiled user dll's ...
Registered in 0.004518 seconds.
Begin MonoManager ReloadAssembly
Symbol file LoadedFromMemory doesn't match image E:\repositories\Warships\Library\PackageCache\com.unity.visualscripting@1.6.1\Editor\VisualScripting.Core\Dependencies\YamlDotNet\Unity.VisualScripting.YamlDotNet.dll
Symbol file LoadedFromMemory doesn't match image E:\repositories\Warships\Library\PackageCache\com.unity.visualscripting@1.6.1\Editor\VisualScripting.Core\Dependencies\DotNetZip\Unity.VisualScripting.IonicZip.dll
Native extension for WindowsStandalone target not found
Refreshing native plugins compatible for Editor in 1.20 ms, found 2 plugins.
Preloading 0 native plugins for Editor in 0.00 ms.
Mono: successfully reloaded assembly
- Completed reload, in  1.812 seconds
Platform modules already initialized, skipping
Refreshing native plugins compatible for Editor in 1.23 ms, found 2 plugins.
Preloading 0 native plugins for Editor in 0.00 ms.
Unloading 3384 Unused Serialized files (Serialized files now loaded: 0)
System memory in use before: 132.2 MB.
System memory in use after: 132.3 MB.

Unloading 16 unused Assets to reduce memory usage. Loaded Objects now: 3859.
Total: 3.575600 ms (FindLiveObjects: 0.342100 ms CreateObjectMapping: 0.203200 ms MarkObjects: 2.882100 ms  DeleteObjects: 0.146200 ms)

========================================================================
Received Import Request.
  Time since last request: 142.464100 seconds.
  path: Assets/Scripts/NewBehaviourScript.cs
  artifactKey: Guid(3cfcf4d38665c7847aa7b2ce6aa6eb72) Importer(815301076,1909f56bfc062723c751e8b465ee728b)
Start importing Assets/Scripts/NewBehaviourScript.cs using Guid(3cfcf4d38665c7847aa7b2ce6aa6eb72) Importer(815301076,1909f56bfc062723c751e8b465ee728b)  -> (artifact id: '29d445aa431c42c70b5aceb958b480a7') in 0.008429 seconds 
========================================================================
Received Prepare
Registering precompiled user dll's ...
Registered in 0.004384 seconds.
Begin MonoManager ReloadAssembly
Symbol file LoadedFromMemory doesn't match image E:\repositories\Warships\Library\PackageCache\com.unity.visualscripting@1.6.1\Editor\VisualScripting.Core\Dependencies\YamlDotNet\Unity.VisualScripting.YamlDotNet.dll
Symbol file LoadedFromMemory doesn't match image E:\repositories\Warships\Library\PackageCache\com.unity.visualscripting@1.6.1\Editor\VisualScripting.Core\Dependencies\DotNetZip\Unity.VisualScripting.IonicZip.dll
Native extension for WindowsStandalone target not found
Refreshing native plugins compatible for Editor in 1.21 ms, found 2 plugins.
Preloading 0 native plugins for Editor in 0.00 ms.
Mono: successfully reloaded assembly
- Completed reload, in  1.827 seconds
Platform modules already initialized, skipping
Refreshing native plugins compatible for Editor in 1.17 ms, found 2 plugins.
Preloading 0 native plugins for Editor in 0.00 ms.
Unloading 3383 Unused Serialized files (Serialized files now loaded: 0)
System memory in use before: 132.1 MB.
System memory in use after: 132.2 MB.

Unloading 17 unused Assets to reduce memory usage. Loaded Objects now: 3862.
Total: 5.221100 ms (FindLiveObjects: 0.357100 ms CreateObjectMapping: 0.204700 ms MarkObjects: 4.501200 ms  DeleteObjects: 0.156100 ms)

========================================================================
Received Import Request.
  Time since last request: 20.942850 seconds.
  path: Assets/Scripts/inequality.cs
  artifactKey: Guid(91bab621ed7c8544181d571d81d24c9c) Importer(815301076,1909f56bfc062723c751e8b465ee728b)
Start importing Assets/Scripts/inequality.cs using Guid(91bab621ed7c8544181d571d81d24c9c) Importer(815301076,1909f56bfc062723c751e8b465ee728b)  -> (artifact id: 'd1e358a8a506fbf27858701a32821cf5') in 0.008735 seconds 
========================================================================
Received Prepare
Registering precompiled user dll's ...
Registered in 0.004587 seconds.
Begin MonoManager ReloadAssembly
Symbol file LoadedFromMemory doesn't match image E:\repositories\Warships\Library\PackageCache\com.unity.visualscripting@1.6.1\Editor\VisualScripting.Core\Dependencies\YamlDotNet\Unity.VisualScripting.YamlDotNet.dll
Symbol file LoadedFromMemory doesn't match image E:\repositories\Warships\Library\PackageCache\com.unity.visualscripting@1.6.1\Editor\VisualScripting.Core\Dependencies\DotNetZip\Unity.VisualScripting.IonicZip.dll
Native extension for WindowsStandalone target not found
Refreshing native plugins compatible for Editor in 1.22 ms, found 2 plugins.
Preloading 0 native plugins for Editor in 0.00 ms.
Mono: successfully reloaded assembly
- Completed reload, in  1.825 seconds
Platform modules already initialized, skipping
Refreshing native plugins compatible for Editor in 1.20 ms, found 2 plugins.
Preloading 0 native plugins for Editor in 0.00 ms.
Unloading 3384 Unused Serialized files (Serialized files now loaded: 0)
System memory in use before: 132.2 MB.
System memory in use after: 132.3 MB.

Unloading 16 unused Assets to reduce memory usage. Loaded Objects now: 3867.
Total: 3.601200 ms (FindLiveObjects: 0.335100 ms CreateObjectMapping: 0.207500 ms MarkObjects: 2.909800 ms  DeleteObjects: 0.147100 ms)

========================================================================
Received Prepare
Registering precompiled user dll's ...
Registered in 0.004374 seconds.
Begin MonoManager ReloadAssembly
Symbol file LoadedFromMemory doesn't match image E:\repositories\Warships\Library\PackageCache\com.unity.visualscripting@1.6.1\Editor\VisualScripting.Core\Dependencies\YamlDotNet\Unity.VisualScripting.YamlDotNet.dll
Symbol file LoadedFromMemory doesn't match image E:\repositories\Warships\Library\PackageCache\com.unity.visualscripting@1.6.1\Editor\VisualScripting.Core\Dependencies\DotNetZip\Unity.VisualScripting.IonicZip.dll
Native extension for WindowsStandalone target not found
Refreshing native plugins compatible for Editor in 1.10 ms, found 2 plugins.
Preloading 0 native plugins for Editor in 0.00 ms.
Mono: successfully reloaded assembly
- Completed reload, in  1.806 seconds
Platform modules already initialized, skipping
Refreshing native plugins compatible for Editor in 1.07 ms, found 2 plugins.
Preloading 0 native plugins for Editor in 0.00 ms.
Unloading 3383 Unused Serialized files (Serialized files now loaded: 0)
System memory in use before: 132.2 MB.
System memory in use after: 132.3 MB.

Unloading 17 unused Assets to reduce memory usage. Loaded Objects now: 3870.
Total: 3.655500 ms (FindLiveObjects: 0.338300 ms CreateObjectMapping: 0.206300 ms MarkObjects: 2.955100 ms  DeleteObjects: 0.154300 ms)

========================================================================
Received Import Request.
  Time since last request: 35.604452 seconds.
  path: Assets/Scripts/Inequality.cs
  artifactKey: Guid(91bab621ed7c8544181d571d81d24c9c) Importer(815301076,1909f56bfc062723c751e8b465ee728b)
Start importing Assets/Scripts/Inequality.cs using Guid(91bab621ed7c8544181d571d81d24c9c) Importer(815301076,1909f56bfc062723c751e8b465ee728b)  -> (artifact id: 'ccf40717c8c32ccd44d6aedf7eb0d21e') in 0.009136 seconds 
========================================================================
Received Prepare
Registering precompiled user dll's ...
Registered in 0.004540 seconds.
Begin MonoManager ReloadAssembly
Symbol file LoadedFromMemory doesn't match image E:\repositories\Warships\Library\PackageCache\com.unity.visualscripting@1.6.1\Editor\VisualScripting.Core\Dependencies\YamlDotNet\Unity.VisualScripting.YamlDotNet.dll
Symbol file LoadedFromMemory doesn't match image E:\repositories\Warships\Library\PackageCache\com.unity.visualscripting@1.6.1\Editor\VisualScripting.Core\Dependencies\DotNetZip\Unity.VisualScripting.IonicZip.dll
Native extension for WindowsStandalone target not found
Refreshing native plugins compatible for Editor in 1.21 ms, found 2 plugins.
Preloading 0 native plugins for Editor in 0.00 ms.
Mono: successfully reloaded assembly
- Completed reload, in  1.908 seconds
Platform modules already initialized, skipping
Refreshing native plugins compatible for Editor in 1.20 ms, found 2 plugins.
Preloading 0 native plugins for Editor in 0.00 ms.
Unloading 3384 Unused Serialized files (Serialized files now loaded: 0)
System memory in use before: 132.2 MB.
System memory in use after: 132.3 MB.

Unloading 16 unused Assets to reduce memory usage. Loaded Objects now: 3875.
Total: 3.680600 ms (FindLiveObjects: 0.354900 ms CreateObjectMapping: 0.198900 ms MarkObjects: 2.972300 ms  DeleteObjects: 0.152600 ms)

========================================================================
Received Import Request.
  Time since last request: 264.136093 seconds.
  path: Assets/Scripts/Inequality.cs
  artifactKey: Guid(91bab621ed7c8544181d571d81d24c9c) Importer(815301076,1909f56bfc062723c751e8b465ee728b)
Start importing Assets/Scripts/Inequality.cs using Guid(91bab621ed7c8544181d571d81d24c9c) Importer(815301076,1909f56bfc062723c751e8b465ee728b)  -> (artifact id: 'eb38bc3342b2a9cb53277d7735ae1c5c') in 0.008392 seconds 
========================================================================
Received Prepare
Registering precompiled user dll's ...
Registered in 0.004375 seconds.
Begin MonoManager ReloadAssembly
Symbol file LoadedFromMemory doesn't match image E:\repositories\Warships\Library\PackageCache\com.unity.visualscripting@1.6.1\Editor\VisualScripting.Core\Dependencies\YamlDotNet\Unity.VisualScripting.YamlDotNet.dll
Symbol file LoadedFromMemory doesn't match image E:\repositories\Warships\Library\PackageCache\com.unity.visualscripting@1.6.1\Editor\VisualScripting.Core\Dependencies\DotNetZip\Unity.VisualScripting.IonicZip.dll
Native extension for WindowsStandalone target not found
Refreshing native plugins compatible for Editor in 1.11 ms, found 2 plugins.
Preloading 0 native plugins for Editor in 0.00 ms.
Mono: successfully reloaded assembly
- Completed reload, in  1.847 seconds
Platform modules already initialized, skipping
Refreshing native plugins compatible for Editor in 1.12 ms, found 2 plugins.
Preloading 0 native plugins for Editor in 0.00 ms.
Unloading 3384 Unused Serialized files (Serialized files now loaded: 0)
System memory in use before: 132.2 MB.
System memory in use after: 132.3 MB.

Unloading 16 unused Assets to reduce memory usage. Loaded Objects now: 3879.
Total: 5.388900 ms (FindLiveObjects: 0.368800 ms CreateObjectMapping: 0.238700 ms MarkObjects: 4.513200 ms  DeleteObjects: 0.266100 ms)

========================================================================
Received Import Request.
  Time since last request: 89.829850 seconds.
  path: Assets/Scripts/Inequality.cs
  artifactKey: Guid(91bab621ed7c8544181d571d81d24c9c) Importer(815301076,1909f56bfc062723c751e8b465ee728b)
Start importing Assets/Scripts/Inequality.cs using Guid(91bab621ed7c8544181d571d81d24c9c) Importer(815301076,1909f56bfc062723c751e8b465ee728b)  -> (artifact id: '67f5cad18e0be4f773f0f4a131be64fc') in 0.008276 seconds 
========================================================================
Received Prepare
Registering precompiled user dll's ...
Registered in 0.004491 seconds.
Begin MonoManager ReloadAssembly
Symbol file LoadedFromMemory doesn't match image E:\repositories\Warships\Library\PackageCache\com.unity.visualscripting@1.6.1\Editor\VisualScripting.Core\Dependencies\YamlDotNet\Unity.VisualScripting.YamlDotNet.dll
Symbol file LoadedFromMemory doesn't match image E:\repositories\Warships\Library\PackageCache\com.unity.visualscripting@1.6.1\Editor\VisualScripting.Core\Dependencies\DotNetZip\Unity.VisualScripting.IonicZip.dll
Native extension for WindowsStandalone target not found
Refreshing native plugins compatible for Editor in 1.19 ms, found 2 plugins.
Preloading 0 native plugins for Editor in 0.00 ms.
Mono: successfully reloaded assembly
- Completed reload, in  1.917 seconds
Platform modules already initialized, skipping
Refreshing native plugins compatible for Editor in 1.22 ms, found 2 plugins.
Preloading 0 native plugins for Editor in 0.00 ms.
Unloading 3384 Unused Serialized files (Serialized files now loaded: 0)
System memory in use before: 132.2 MB.
System memory in use after: 132.3 MB.

Unloading 16 unused Assets to reduce memory usage. Loaded Objects now: 3883.
Total: 3.641900 ms (FindLiveObjects: 0.364400 ms CreateObjectMapping: 0.212300 ms MarkObjects: 2.911600 ms  DeleteObjects: 0.151500 ms)

========================================================================
Received Import Request.
  Time since last request: 233.819048 seconds.
  path: Assets/Scripts/Inequality.cs
  artifactKey: Guid(91bab621ed7c8544181d571d81d24c9c) Importer(815301076,1909f56bfc062723c751e8b465ee728b)
Start importing Assets/Scripts/Inequality.cs using Guid(91bab621ed7c8544181d571d81d24c9c) Importer(815301076,1909f56bfc062723c751e8b465ee728b)  -> (artifact id: '3e28cadbcb6a70b288c6ef3abd09d9ac') in 0.008698 seconds 
========================================================================
Received Prepare
Registering precompiled user dll's ...
Registered in 0.004467 seconds.
Begin MonoManager ReloadAssembly
Symbol file LoadedFromMemory doesn't match image E:\repositories\Warships\Library\PackageCache\com.unity.visualscripting@1.6.1\Editor\VisualScripting.Core\Dependencies\YamlDotNet\Unity.VisualScripting.YamlDotNet.dll
Symbol file LoadedFromMemory doesn't match image E:\repositories\Warships\Library\PackageCache\com.unity.visualscripting@1.6.1\Editor\VisualScripting.Core\Dependencies\DotNetZip\Unity.VisualScripting.IonicZip.dll
Native extension for WindowsStandalone target not found
Refreshing native plugins compatible for Editor in 2.48 ms, found 2 plugins.
Preloading 0 native plugins for Editor in 0.00 ms.
Mono: successfully reloaded assembly
- Completed reload, in  1.839 seconds
Platform modules already initialized, skipping
Refreshing native plugins compatible for Editor in 1.20 ms, found 2 plugins.
Preloading 0 native plugins for Editor in 0.00 ms.
Unloading 3384 Unused Serialized files (Serialized files now loaded: 0)
System memory in use before: 132.2 MB.
System memory in use after: 132.3 MB.

Unloading 16 unused Assets to reduce memory usage. Loaded Objects now: 3887.
Total: 6.674000 ms (FindLiveObjects: 0.620200 ms CreateObjectMapping: 0.383800 ms MarkObjects: 5.393200 ms  DeleteObjects: 0.272700 ms)

========================================================================
Received Import Request.
  Time since last request: 89.690114 seconds.
  path: Assets/Scripts/Inequality.cs
  artifactKey: Guid(91bab621ed7c8544181d571d81d24c9c) Importer(815301076,1909f56bfc062723c751e8b465ee728b)
Start importing Assets/Scripts/Inequality.cs using Guid(91bab621ed7c8544181d571d81d24c9c) Importer(815301076,1909f56bfc062723c751e8b465ee728b)  -> (artifact id: '155e6e69393d4ad59b62fd4a878683fd') in 0.008565 seconds 
========================================================================
Received Prepare
Registering precompiled user dll's ...
Registered in 0.004491 seconds.
Begin MonoManager ReloadAssembly
Symbol file LoadedFromMemory doesn't match image E:\repositories\Warships\Library\PackageCache\com.unity.visualscripting@1.6.1\Editor\VisualScripting.Core\Dependencies\YamlDotNet\Unity.VisualScripting.YamlDotNet.dll
Symbol file LoadedFromMemory doesn't match image E:\repositories\Warships\Library\PackageCache\com.unity.visualscripting@1.6.1\Editor\VisualScripting.Core\Dependencies\DotNetZip\Unity.VisualScripting.IonicZip.dll
Native extension for WindowsStandalone target not found
Refreshing native plugins compatible for Editor in 1.21 ms, found 2 plugins.
Preloading 0 native plugins for Editor in 0.00 ms.
Mono: successfully reloaded assembly
- Completed reload, in  1.795 seconds
Platform modules already initialized, skipping
Refreshing native plugins compatible for Editor in 1.19 ms, found 2 plugins.
Preloading 0 native plugins for Editor in 0.00 ms.
Unloading 3384 Unused Serialized files (Serialized files now loaded: 0)
System memory in use before: 132.3 MB.
System memory in use after: 132.4 MB.

Unloading 16 unused Assets to reduce memory usage. Loaded Objects now: 3891.
Total: 3.682500 ms (FindLiveObjects: 0.357100 ms CreateObjectMapping: 0.203900 ms MarkObjects: 2.966800 ms  DeleteObjects: 0.152700 ms)

========================================================================
Received Import Request.
  Time since last request: 119.872483 seconds.
  path: Assets/Prefab/Ships/ShipBlade.prefab
  artifactKey: Guid(50ae84eaf89f2914c8157c0d0b92e6a7) Importer(815301076,1909f56bfc062723c751e8b465ee728b)
Start importing Assets/Prefab/Ships/ShipBlade.prefab using Guid(50ae84eaf89f2914c8157c0d0b92e6a7) Importer(815301076,1909f56bfc062723c751e8b465ee728b)  -> (artifact id: '1f3b6de6c2ce8899d14a580fac2ca6cd') in 0.101294 seconds 
========================================================================
Received Prepare
Registering precompiled user dll's ...
Registered in 0.004478 seconds.
Begin MonoManager ReloadAssembly
Symbol file LoadedFromMemory doesn't match image E:\repositories\Warships\Library\PackageCache\com.unity.visualscripting@1.6.1\Editor\VisualScripting.Core\Dependencies\YamlDotNet\Unity.VisualScripting.YamlDotNet.dll
Symbol file LoadedFromMemory doesn't match image E:\repositories\Warships\Library\PackageCache\com.unity.visualscripting@1.6.1\Editor\VisualScripting.Core\Dependencies\DotNetZip\Unity.VisualScripting.IonicZip.dll
Native extension for WindowsStandalone target not found
Refreshing native plugins compatible for Editor in 1.19 ms, found 2 plugins.
Preloading 0 native plugins for Editor in 0.00 ms.
Mono: successfully reloaded assembly
- Completed reload, in  1.798 seconds
Platform modules already initialized, skipping
Refreshing native plugins compatible for Editor in 1.19 ms, found 2 plugins.
Preloading 0 native plugins for Editor in 0.00 ms.
Unloading 3384 Unused Serialized files (Serialized files now loaded: 0)
System memory in use before: 132.3 MB.
System memory in use after: 132.4 MB.

Unloading 16 unused Assets to reduce memory usage. Loaded Objects now: 3896.
Total: 3.702500 ms (FindLiveObjects: 0.356400 ms CreateObjectMapping: 0.208700 ms MarkObjects: 2.977200 ms  DeleteObjects: 0.158100 ms)

========================================================================
Received Import Request.
  Time since last request: 125.889670 seconds.
  path: Assets/Prefab/Ships/ShipBlade.prefab
  artifactKey: Guid(50ae84eaf89f2914c8157c0d0b92e6a7) Importer(815301076,1909f56bfc062723c751e8b465ee728b)
Start importing Assets/Prefab/Ships/ShipBlade.prefab using Guid(50ae84eaf89f2914c8157c0d0b92e6a7) Importer(815301076,1909f56bfc062723c751e8b465ee728b)  -> (artifact id: '5915765e67043ca93a4f547ae5419c1e') in 0.101067 seconds 
========================================================================
Received Prepare
Registering precompiled user dll's ...
Registered in 0.004439 seconds.
Begin MonoManager ReloadAssembly
Symbol file LoadedFromMemory doesn't match image E:\repositories\Warships\Library\PackageCache\com.unity.visualscripting@1.6.1\Editor\VisualScripting.Core\Dependencies\YamlDotNet\Unity.VisualScripting.YamlDotNet.dll
Symbol file LoadedFromMemory doesn't match image E:\repositories\Warships\Library\PackageCache\com.unity.visualscripting@1.6.1\Editor\VisualScripting.Core\Dependencies\DotNetZip\Unity.VisualScripting.IonicZip.dll
Native extension for WindowsStandalone target not found
Refreshing native plugins compatible for Editor in 1.22 ms, found 2 plugins.
Preloading 0 native plugins for Editor in 0.00 ms.
Mono: successfully reloaded assembly
- Completed reload, in  1.778 seconds
Platform modules already initialized, skipping
Refreshing native plugins compatible for Editor in 1.18 ms, found 2 plugins.
Preloading 0 native plugins for Editor in 0.00 ms.
Unloading 3384 Unused Serialized files (Serialized files now loaded: 0)
System memory in use before: 132.3 MB.
System memory in use after: 132.4 MB.

Unloading 16 unused Assets to reduce memory usage. Loaded Objects now: 3901.
Total: 3.611600 ms (FindLiveObjects: 0.336800 ms CreateObjectMapping: 0.203500 ms MarkObjects: 2.917900 ms  DeleteObjects: 0.151700 ms)

========================================================================
Received Prepare
Registering precompiled user dll's ...
Registered in 0.004490 seconds.
Begin MonoManager ReloadAssembly
Symbol file LoadedFromMemory doesn't match image E:\repositories\Warships\Library\PackageCache\com.unity.visualscripting@1.6.1\Editor\VisualScripting.Core\Dependencies\YamlDotNet\Unity.VisualScripting.YamlDotNet.dll
Symbol file LoadedFromMemory doesn't match image E:\repositories\Warships\Library\PackageCache\com.unity.visualscripting@1.6.1\Editor\VisualScripting.Core\Dependencies\DotNetZip\Unity.VisualScripting.IonicZip.dll
Native extension for WindowsStandalone target not found
Refreshing native plugins compatible for Editor in 1.22 ms, found 2 plugins.
Preloading 0 native plugins for Editor in 0.00 ms.
Mono: successfully reloaded assembly
- Completed reload, in  1.785 seconds
Platform modules already initialized, skipping
Refreshing native plugins compatible for Editor in 1.19 ms, found 2 plugins.
Preloading 0 native plugins for Editor in 0.00 ms.
Unloading 3384 Unused Serialized files (Serialized files now loaded: 0)
System memory in use before: 132.3 MB.
System memory in use after: 132.4 MB.

Unloading 16 unused Assets to reduce memory usage. Loaded Objects now: 3905.
Total: 3.694800 ms (FindLiveObjects: 0.355900 ms CreateObjectMapping: 0.205200 ms MarkObjects: 2.982400 ms  DeleteObjects: 0.149500 ms)

========================================================================
Received Prepare
Registering precompiled user dll's ...
Registered in 0.004495 seconds.
Begin MonoManager ReloadAssembly
Symbol file LoadedFromMemory doesn't match image E:\repositories\Warships\Library\PackageCache\com.unity.visualscripting@1.6.1\Editor\VisualScripting.Core\Dependencies\YamlDotNet\Unity.VisualScripting.YamlDotNet.dll
Symbol file LoadedFromMemory doesn't match image E:\repositories\Warships\Library\PackageCache\com.unity.visualscripting@1.6.1\Editor\VisualScripting.Core\Dependencies\DotNetZip\Unity.VisualScripting.IonicZip.dll
Native extension for WindowsStandalone target not found
Refreshing native plugins compatible for Editor in 1.21 ms, found 2 plugins.
Preloading 0 native plugins for Editor in 0.00 ms.
Mono: successfully reloaded assembly
- Completed reload, in  1.870 seconds
Platform modules already initialized, skipping
Refreshing native plugins compatible for Editor in 1.21 ms, found 2 plugins.
Preloading 0 native plugins for Editor in 0.00 ms.
Unloading 3384 Unused Serialized files (Serialized files now loaded: 0)
System memory in use before: 132.3 MB.
System memory in use after: 132.4 MB.

Unloading 16 unused Assets to reduce memory usage. Loaded Objects now: 3909.
Total: 3.743400 ms (FindLiveObjects: 0.362600 ms CreateObjectMapping: 0.207900 ms MarkObjects: 3.016800 ms  DeleteObjects: 0.154100 ms)

========================================================================
Received Prepare
Registering precompiled user dll's ...
Registered in 0.004668 seconds.
Begin MonoManager ReloadAssembly
Symbol file LoadedFromMemory doesn't match image E:\repositories\Warships\Library\PackageCache\com.unity.visualscripting@1.6.1\Editor\VisualScripting.Core\Dependencies\YamlDotNet\Unity.VisualScripting.YamlDotNet.dll
Symbol file LoadedFromMemory doesn't match image E:\repositories\Warships\Library\PackageCache\com.unity.visualscripting@1.6.1\Editor\VisualScripting.Core\Dependencies\DotNetZip\Unity.VisualScripting.IonicZip.dll
Native extension for WindowsStandalone target not found
Refreshing native plugins compatible for Editor in 1.21 ms, found 2 plugins.
Preloading 0 native plugins for Editor in 0.00 ms.
Mono: successfully reloaded assembly
- Completed reload, in  1.807 seconds
Platform modules already initialized, skipping
Refreshing native plugins compatible for Editor in 1.15 ms, found 2 plugins.
Preloading 0 native plugins for Editor in 0.00 ms.
Unloading 3384 Unused Serialized files (Serialized files now loaded: 0)
System memory in use before: 132.3 MB.
System memory in use after: 132.4 MB.

Unloading 16 unused Assets to reduce memory usage. Loaded Objects now: 3913.
Total: 3.697400 ms (FindLiveObjects: 0.362000 ms CreateObjectMapping: 0.203600 ms MarkObjects: 2.983800 ms  DeleteObjects: 0.146100 ms)

========================================================================
Received Prepare
Registering precompiled user dll's ...
Registered in 0.004470 seconds.
Begin MonoManager ReloadAssembly
Symbol file LoadedFromMemory doesn't match image E:\repositories\Warships\Library\PackageCache\com.unity.visualscripting@1.6.1\Editor\VisualScripting.Core\Dependencies\YamlDotNet\Unity.VisualScripting.YamlDotNet.dll
Symbol file LoadedFromMemory doesn't match image E:\repositories\Warships\Library\PackageCache\com.unity.visualscripting@1.6.1\Editor\VisualScripting.Core\Dependencies\DotNetZip\Unity.VisualScripting.IonicZip.dll
Native extension for WindowsStandalone target not found
Refreshing native plugins compatible for Editor in 1.22 ms, found 2 plugins.
Preloading 0 native plugins for Editor in 0.00 ms.
Mono: successfully reloaded assembly
- Completed reload, in  1.844 seconds
Platform modules already initialized, skipping
Refreshing native plugins compatible for Editor in 1.16 ms, found 2 plugins.
Preloading 0 native plugins for Editor in 0.00 ms.
Unloading 3384 Unused Serialized files (Serialized files now loaded: 0)
System memory in use before: 132.3 MB.
System memory in use after: 132.4 MB.

Unloading 16 unused Assets to reduce memory usage. Loaded Objects now: 3917.
Total: 3.746200 ms (FindLiveObjects: 0.362200 ms CreateObjectMapping: 0.204600 ms MarkObjects: 3.024700 ms  DeleteObjects: 0.152900 ms)

========================================================================
Received Prepare
Registering precompiled user dll's ...
Registered in 0.004514 seconds.
Begin MonoManager ReloadAssembly
Symbol file LoadedFromMemory doesn't match image E:\repositories\Warships\Library\PackageCache\com.unity.visualscripting@1.6.1\Editor\VisualScripting.Core\Dependencies\YamlDotNet\Unity.VisualScripting.YamlDotNet.dll
Symbol file LoadedFromMemory doesn't match image E:\repositories\Warships\Library\PackageCache\com.unity.visualscripting@1.6.1\Editor\VisualScripting.Core\Dependencies\DotNetZip\Unity.VisualScripting.IonicZip.dll
Native extension for WindowsStandalone target not found
Refreshing native plugins compatible for Editor in 1.11 ms, found 2 plugins.
Preloading 0 native plugins for Editor in 0.00 ms.
Mono: successfully reloaded assembly
- Completed reload, in  1.782 seconds
Platform modules already initialized, skipping
Refreshing native plugins compatible for Editor in 1.23 ms, found 2 plugins.
Preloading 0 native plugins for Editor in 0.00 ms.
Unloading 3384 Unused Serialized files (Serialized files now loaded: 0)
System memory in use before: 132.3 MB.
System memory in use after: 132.4 MB.

Unloading 16 unused Assets to reduce memory usage. Loaded Objects now: 3921.
Total: 4.074500 ms (FindLiveObjects: 0.615100 ms CreateObjectMapping: 0.298700 ms MarkObjects: 3.003000 ms  DeleteObjects: 0.154300 ms)

========================================================================
Received Import Request.
  Time since last request: 794.875679 seconds.
  path: Assets/Prefab/Ships/ShipBlade.prefab
  artifactKey: Guid(50ae84eaf89f2914c8157c0d0b92e6a7) Importer(815301076,1909f56bfc062723c751e8b465ee728b)
Start importing Assets/Prefab/Ships/ShipBlade.prefab using Guid(50ae84eaf89f2914c8157c0d0b92e6a7) Importer(815301076,1909f56bfc062723c751e8b465ee728b)  -> (artifact id: '13930a7c8bd7285f04eb6cd7a4bf172c') in 0.099963 seconds 
========================================================================
Received Prepare
Registering precompiled user dll's ...
Registered in 0.004437 seconds.
Begin MonoManager ReloadAssembly
Symbol file LoadedFromMemory doesn't match image E:\repositories\Warships\Library\PackageCache\com.unity.visualscripting@1.6.1\Editor\VisualScripting.Core\Dependencies\YamlDotNet\Unity.VisualScripting.YamlDotNet.dll
Symbol file LoadedFromMemory doesn't match image E:\repositories\Warships\Library\PackageCache\com.unity.visualscripting@1.6.1\Editor\VisualScripting.Core\Dependencies\DotNetZip\Unity.VisualScripting.IonicZip.dll
Native extension for WindowsStandalone target not found
Refreshing native plugins compatible for Editor in 1.04 ms, found 2 plugins.
Preloading 0 native plugins for Editor in 0.00 ms.
Mono: successfully reloaded assembly
- Completed reload, in  1.578 seconds
Platform modules already initialized, skipping
Refreshing native plugins compatible for Editor in 1.03 ms, found 2 plugins.
Preloading 0 native plugins for Editor in 0.00 ms.
Unloading 3384 Unused Serialized files (Serialized files now loaded: 0)
System memory in use before: 132.3 MB.
System memory in use after: 132.4 MB.

Unloading 16 unused Assets to reduce memory usage. Loaded Objects now: 3926.
Total: 2.979500 ms (FindLiveObjects: 0.305800 ms CreateObjectMapping: 0.161800 ms MarkObjects: 2.384300 ms  DeleteObjects: 0.125600 ms)

========================================================================
Received Import Request.
  Time since last request: 129.050595 seconds.
  path: Assets/Prefab/Ships/ShipBlade.prefab
  artifactKey: Guid(50ae84eaf89f2914c8157c0d0b92e6a7) Importer(815301076,1909f56bfc062723c751e8b465ee728b)
Start importing Assets/Prefab/Ships/ShipBlade.prefab using Guid(50ae84eaf89f2914c8157c0d0b92e6a7) Importer(815301076,1909f56bfc062723c751e8b465ee728b)  -> (artifact id: '531c0d9d015fa4cfc5bd7419a1d11a48') in 0.077961 seconds 
========================================================================
Received Prepare
Registering precompiled user dll's ...
Registered in 0.004582 seconds.
Begin MonoManager ReloadAssembly
Symbol file LoadedFromMemory doesn't match image E:\repositories\Warships\Library\PackageCache\com.unity.visualscripting@1.6.1\Editor\VisualScripting.Core\Dependencies\YamlDotNet\Unity.VisualScripting.YamlDotNet.dll
Symbol file LoadedFromMemory doesn't match image E:\repositories\Warships\Library\PackageCache\com.unity.visualscripting@1.6.1\Editor\VisualScripting.Core\Dependencies\DotNetZip\Unity.VisualScripting.IonicZip.dll
Native extension for WindowsStandalone target not found
Refreshing native plugins compatible for Editor in 1.20 ms, found 2 plugins.
Preloading 0 native plugins for Editor in 0.00 ms.
Mono: successfully reloaded assembly
- Completed reload, in  1.775 seconds
Platform modules already initialized, skipping
Refreshing native plugins compatible for Editor in 1.15 ms, found 2 plugins.
Preloading 0 native plugins for Editor in 0.00 ms.
Unloading 3384 Unused Serialized files (Serialized files now loaded: 0)
System memory in use before: 132.4 MB.
System memory in use after: 132.5 MB.

Unloading 16 unused Assets to reduce memory usage. Loaded Objects now: 3931.
Total: 3.675200 ms (FindLiveObjects: 0.353000 ms CreateObjectMapping: 0.206400 ms MarkObjects: 2.963900 ms  DeleteObjects: 0.150200 ms)

========================================================================
Received Import Request.
  Time since last request: 139.929754 seconds.
  path: Assets/Prefab/Ships/ShipBlade.prefab
  artifactKey: Guid(50ae84eaf89f2914c8157c0d0b92e6a7) Importer(815301076,1909f56bfc062723c751e8b465ee728b)
Start importing Assets/Prefab/Ships/ShipBlade.prefab using Guid(50ae84eaf89f2914c8157c0d0b92e6a7) Importer(815301076,1909f56bfc062723c751e8b465ee728b)  -> (artifact id: '7f272df5abc0197d8fff782bc65a2d3e') in 0.105307 seconds 
========================================================================
Received Prepare
Registering precompiled user dll's ...
Registered in 0.004461 seconds.
Begin MonoManager ReloadAssembly
Symbol file LoadedFromMemory doesn't match image E:\repositories\Warships\Library\PackageCache\com.unity.visualscripting@1.6.1\Editor\VisualScripting.Core\Dependencies\YamlDotNet\Unity.VisualScripting.YamlDotNet.dll
Symbol file LoadedFromMemory doesn't match image E:\repositories\Warships\Library\PackageCache\com.unity.visualscripting@1.6.1\Editor\VisualScripting.Core\Dependencies\DotNetZip\Unity.VisualScripting.IonicZip.dll
Native extension for WindowsStandalone target not found
Refreshing native plugins compatible for Editor in 1.20 ms, found 2 plugins.
Preloading 0 native plugins for Editor in 0.00 ms.
Mono: successfully reloaded assembly
- Completed reload, in  1.800 seconds
Platform modules already initialized, skipping
Refreshing native plugins compatible for Editor in 0.95 ms, found 2 plugins.
Preloading 0 native plugins for Editor in 0.00 ms.
Unloading 3384 Unused Serialized files (Serialized files now loaded: 0)
System memory in use before: 132.4 MB.
System memory in use after: 132.5 MB.

Unloading 16 unused Assets to reduce memory usage. Loaded Objects now: 3936.
Total: 3.655800 ms (FindLiveObjects: 0.359200 ms CreateObjectMapping: 0.211500 ms MarkObjects: 2.932000 ms  DeleteObjects: 0.151300 ms)

========================================================================
Received Prepare
Registering precompiled user dll's ...
Registered in 0.004720 seconds.
Begin MonoManager ReloadAssembly
Symbol file LoadedFromMemory doesn't match image E:\repositories\Warships\Library\PackageCache\com.unity.visualscripting@1.6.1\Editor\VisualScripting.Core\Dependencies\YamlDotNet\Unity.VisualScripting.YamlDotNet.dll
Symbol file LoadedFromMemory doesn't match image E:\repositories\Warships\Library\PackageCache\com.unity.visualscripting@1.6.1\Editor\VisualScripting.Core\Dependencies\DotNetZip\Unity.VisualScripting.IonicZip.dll
Native extension for WindowsStandalone target not found
Refreshing native plugins compatible for Editor in 1.23 ms, found 2 plugins.
Preloading 0 native plugins for Editor in 0.00 ms.
Mono: successfully reloaded assembly
- Completed reload, in  1.750 seconds
Platform modules already initialized, skipping
Refreshing native plugins compatible for Editor in 1.17 ms, found 2 plugins.
Preloading 0 native plugins for Editor in 0.00 ms.
Unloading 3384 Unused Serialized files (Serialized files now loaded: 0)
System memory in use before: 132.4 MB.
System memory in use after: 132.5 MB.

Unloading 16 unused Assets to reduce memory usage. Loaded Objects now: 3940.
Total: 3.644300 ms (FindLiveObjects: 0.361100 ms CreateObjectMapping: 0.203000 ms MarkObjects: 2.927600 ms  DeleteObjects: 0.151000 ms)

========================================================================
Received Import Request.
  Time since last request: 593.849512 seconds.
  path: Assets/Prefab/Ships/ShipBlade.prefab
  artifactKey: Guid(50ae84eaf89f2914c8157c0d0b92e6a7) Importer(815301076,1909f56bfc062723c751e8b465ee728b)
Start importing Assets/Prefab/Ships/ShipBlade.prefab using Guid(50ae84eaf89f2914c8157c0d0b92e6a7) Importer(815301076,1909f56bfc062723c751e8b465ee728b)  -> (artifact id: '65db14640545100334463619446792a5') in 0.133747 seconds 
========================================================================
Received Import Request.
  Time since last request: 15.833808 seconds.
  path: Assets/Prefab/Ships/ShipBlade.prefab
  artifactKey: Guid(50ae84eaf89f2914c8157c0d0b92e6a7) Importer(815301076,1909f56bfc062723c751e8b465ee728b)
Start importing Assets/Prefab/Ships/ShipBlade.prefab using Guid(50ae84eaf89f2914c8157c0d0b92e6a7) Importer(815301076,1909f56bfc062723c751e8b465ee728b)  -> (artifact id: '1dfcd38412e52cbd06d5b22a6b31d61d') in 0.031924 seconds 
========================================================================
Received Import Request.
  Time since last request: 1.632609 seconds.
  path: Assets/Prefab/Ships/ShipBlade.prefab
  artifactKey: Guid(50ae84eaf89f2914c8157c0d0b92e6a7) Importer(815301076,1909f56bfc062723c751e8b465ee728b)
Start importing Assets/Prefab/Ships/ShipBlade.prefab using Guid(50ae84eaf89f2914c8157c0d0b92e6a7) Importer(815301076,1909f56bfc062723c751e8b465ee728b)  -> (artifact id: '8f892622b4e7c1d05ba6b38486d89941') in 0.012879 seconds 
========================================================================
Received Import Request.
  Time since last request: 1.652547 seconds.
  path: Assets/Prefab/Ships/ShipBlade.prefab
  artifactKey: Guid(50ae84eaf89f2914c8157c0d0b92e6a7) Importer(815301076,1909f56bfc062723c751e8b465ee728b)
Start importing Assets/Prefab/Ships/ShipBlade.prefab using Guid(50ae84eaf89f2914c8157c0d0b92e6a7) Importer(815301076,1909f56bfc062723c751e8b465ee728b)  -> (artifact id: 'da858b0ebbf526d13bacb6f9eb1302bc') in 0.016539 seconds 
========================================================================
Received Import Request.
  Time since last request: 7.459491 seconds.
  path: Assets/Prefab/Ships/ShipBlade.prefab
  artifactKey: Guid(50ae84eaf89f2914c8157c0d0b92e6a7) Importer(815301076,1909f56bfc062723c751e8b465ee728b)
Start importing Assets/Prefab/Ships/ShipBlade.prefab using Guid(50ae84eaf89f2914c8157c0d0b92e6a7) Importer(815301076,1909f56bfc062723c751e8b465ee728b)  -> (artifact id: 'a49545a3ace4f8ed058fb2345935c672') in 0.012416 seconds 
========================================================================
Received Import Request.
  Time since last request: 3.744760 seconds.
  path: Assets/Prefab/Ships/ShipBlade.prefab
  artifactKey: Guid(50ae84eaf89f2914c8157c0d0b92e6a7) Importer(815301076,1909f56bfc062723c751e8b465ee728b)
Start importing Assets/Prefab/Ships/ShipBlade.prefab using Guid(50ae84eaf89f2914c8157c0d0b92e6a7) Importer(815301076,1909f56bfc062723c751e8b465ee728b)  -> (artifact id: '65684375c096c13418564fe926ea9fec') in 0.012269 seconds 
========================================================================
Received Prepare
Registering precompiled user dll's ...
Registered in 0.008739 seconds.
Begin MonoManager ReloadAssembly
Symbol file LoadedFromMemory doesn't match image E:\repositories\Warships\Library\PackageCache\com.unity.visualscripting@1.6.1\Editor\VisualScripting.Core\Dependencies\YamlDotNet\Unity.VisualScripting.YamlDotNet.dll
Symbol file LoadedFromMemory doesn't match image E:\repositories\Warships\Library\PackageCache\com.unity.visualscripting@1.6.1\Editor\VisualScripting.Core\Dependencies\DotNetZip\Unity.VisualScripting.IonicZip.dll
Native extension for WindowsStandalone target not found
Refreshing native plugins compatible for Editor in 1.21 ms, found 2 plugins.
Preloading 0 native plugins for Editor in 0.00 ms.
Mono: successfully reloaded assembly
- Completed reload, in  1.919 seconds
Platform modules already initialized, skipping
Refreshing native plugins compatible for Editor in 1.16 ms, found 2 plugins.
Preloading 0 native plugins for Editor in 0.00 ms.
Unloading 3384 Unused Serialized files (Serialized files now loaded: 0)
System memory in use before: 132.4 MB.
System memory in use after: 132.5 MB.

Unloading 16 unused Assets to reduce memory usage. Loaded Objects now: 3945.
Total: 3.631800 ms (FindLiveObjects: 0.339300 ms CreateObjectMapping: 0.203000 ms MarkObjects: 2.939500 ms  DeleteObjects: 0.147900 ms)

========================================================================
Received Import Request.
  Time since last request: 33.805769 seconds.
  path: Assets/Prefab/Ships/ShipBlade.prefab
  artifactKey: Guid(50ae84eaf89f2914c8157c0d0b92e6a7) Importer(815301076,1909f56bfc062723c751e8b465ee728b)
Start importing Assets/Prefab/Ships/ShipBlade.prefab using Guid(50ae84eaf89f2914c8157c0d0b92e6a7) Importer(815301076,1909f56bfc062723c751e8b465ee728b)  -> (artifact id: '315be2c0b1e459a099f35b691eab72a8') in 0.099880 seconds 
========================================================================
Received Prepare
Registering precompiled user dll's ...
Registered in 0.004629 seconds.
Begin MonoManager ReloadAssembly
Symbol file LoadedFromMemory doesn't match image E:\repositories\Warships\Library\PackageCache\com.unity.visualscripting@1.6.1\Editor\VisualScripting.Core\Dependencies\YamlDotNet\Unity.VisualScripting.YamlDotNet.dll
Symbol file LoadedFromMemory doesn't match image E:\repositories\Warships\Library\PackageCache\com.unity.visualscripting@1.6.1\Editor\VisualScripting.Core\Dependencies\DotNetZip\Unity.VisualScripting.IonicZip.dll
Native extension for WindowsStandalone target not found
Refreshing native plugins compatible for Editor in 1.21 ms, found 2 plugins.
Preloading 0 native plugins for Editor in 0.00 ms.
Mono: successfully reloaded assembly
- Completed reload, in  2.273 seconds
Platform modules already initialized, skipping
Refreshing native plugins compatible for Editor in 0.97 ms, found 2 plugins.
Preloading 0 native plugins for Editor in 0.00 ms.
Unloading 3384 Unused Serialized files (Serialized files now loaded: 0)
System memory in use before: 132.4 MB.
System memory in use after: 132.5 MB.

Unloading 16 unused Assets to reduce memory usage. Loaded Objects now: 3950.
Total: 6.948200 ms (FindLiveObjects: 0.618800 ms CreateObjectMapping: 0.426600 ms MarkObjects: 5.636800 ms  DeleteObjects: 0.261900 ms)

========================================================================
Received Import Request.
  Time since last request: 5.489184 seconds.
  path: Assets/Prefab/Ships/ShipBlade.prefab
  artifactKey: Guid(50ae84eaf89f2914c8157c0d0b92e6a7) Importer(815301076,1909f56bfc062723c751e8b465ee728b)
Start importing Assets/Prefab/Ships/ShipBlade.prefab using Guid(50ae84eaf89f2914c8157c0d0b92e6a7) Importer(815301076,1909f56bfc062723c751e8b465ee728b)  -> (artifact id: '514e17b8b324f8d7a73cea9fa15e4fd5') in 0.135657 seconds 
========================================================================
Received Prepare
Registering precompiled user dll's ...
Registered in 0.004537 seconds.
Begin MonoManager ReloadAssembly
Symbol file LoadedFromMemory doesn't match image E:\repositories\Warships\Library\PackageCache\com.unity.visualscripting@1.6.1\Editor\VisualScripting.Core\Dependencies\YamlDotNet\Unity.VisualScripting.YamlDotNet.dll
Symbol file LoadedFromMemory doesn't match image E:\repositories\Warships\Library\PackageCache\com.unity.visualscripting@1.6.1\Editor\VisualScripting.Core\Dependencies\DotNetZip\Unity.VisualScripting.IonicZip.dll
Native extension for WindowsStandalone target not found
Refreshing native plugins compatible for Editor in 1.09 ms, found 2 plugins.
Preloading 0 native plugins for Editor in 0.00 ms.
Mono: successfully reloaded assembly
- Completed reload, in  1.520 seconds
Platform modules already initialized, skipping
Refreshing native plugins compatible for Editor in 1.17 ms, found 2 plugins.
Preloading 0 native plugins for Editor in 0.00 ms.
Unloading 3384 Unused Serialized files (Serialized files now loaded: 0)
System memory in use before: 132.4 MB.
System memory in use after: 132.5 MB.

Unloading 16 unused Assets to reduce memory usage. Loaded Objects now: 3955.
Total: 3.221700 ms (FindLiveObjects: 0.319900 ms CreateObjectMapping: 0.163400 ms MarkObjects: 2.603700 ms  DeleteObjects: 0.133200 ms)

========================================================================
Received Import Request.
  Time since last request: 50.503053 seconds.
  path: Assets/Prefab/Ships/ShipBlade.prefab
  artifactKey: Guid(50ae84eaf89f2914c8157c0d0b92e6a7) Importer(815301076,1909f56bfc062723c751e8b465ee728b)
Start importing Assets/Prefab/Ships/ShipBlade.prefab using Guid(50ae84eaf89f2914c8157c0d0b92e6a7) Importer(815301076,1909f56bfc062723c751e8b465ee728b)  -> (artifact id: 'c0a388f585a80738dd0248491e224ad4') in 0.085286 seconds 
========================================================================
Received Import Request.
  Time since last request: 38.999392 seconds.
  path: Assets/Prefab/Ships/ShipBlade.prefab
  artifactKey: Guid(50ae84eaf89f2914c8157c0d0b92e6a7) Importer(815301076,1909f56bfc062723c751e8b465ee728b)
Start importing Assets/Prefab/Ships/ShipBlade.prefab using Guid(50ae84eaf89f2914c8157c0d0b92e6a7) Importer(815301076,1909f56bfc062723c751e8b465ee728b)  -> (artifact id: '8e8998198908ed2d55c30ad9b0ff57fe') in 0.045228 seconds 
========================================================================
Received Prepare
Registering precompiled user dll's ...
Registered in 0.004436 seconds.
Begin MonoManager ReloadAssembly
Symbol file LoadedFromMemory doesn't match image E:\repositories\Warships\Library\PackageCache\com.unity.visualscripting@1.6.1\Editor\VisualScripting.Core\Dependencies\YamlDotNet\Unity.VisualScripting.YamlDotNet.dll
Symbol file LoadedFromMemory doesn't match image E:\repositories\Warships\Library\PackageCache\com.unity.visualscripting@1.6.1\Editor\VisualScripting.Core\Dependencies\DotNetZip\Unity.VisualScripting.IonicZip.dll
Native extension for WindowsStandalone target not found
Refreshing native plugins compatible for Editor in 1.22 ms, found 2 plugins.
Preloading 0 native plugins for Editor in 0.00 ms.
Mono: successfully reloaded assembly
- Completed reload, in  1.872 seconds
Platform modules already initialized, skipping
Refreshing native plugins compatible for Editor in 0.97 ms, found 2 plugins.
Preloading 0 native plugins for Editor in 0.00 ms.
Unloading 3384 Unused Serialized files (Serialized files now loaded: 0)
System memory in use before: 132.4 MB.
System memory in use after: 132.5 MB.

Unloading 16 unused Assets to reduce memory usage. Loaded Objects now: 3960.
Total: 6.063400 ms (FindLiveObjects: 0.634900 ms CreateObjectMapping: 0.456500 ms MarkObjects: 4.813800 ms  DeleteObjects: 0.155400 ms)

========================================================================
Received Import Request.
  Time since last request: 27.188629 seconds.
  path: Assets/Prefab/Ships/ShipBlade.prefab
  artifactKey: Guid(50ae84eaf89f2914c8157c0d0b92e6a7) Importer(815301076,1909f56bfc062723c751e8b465ee728b)
Start importing Assets/Prefab/Ships/ShipBlade.prefab using Guid(50ae84eaf89f2914c8157c0d0b92e6a7) Importer(815301076,1909f56bfc062723c751e8b465ee728b)  -> (artifact id: '331798bb0f020b5bef5c463afffe26ea') in 0.099973 seconds 
========================================================================
Received Prepare
Registering precompiled user dll's ...
Registered in 0.006106 seconds.
Begin MonoManager ReloadAssembly
Symbol file LoadedFromMemory doesn't match image E:\repositories\Warships\Library\PackageCache\com.unity.visualscripting@1.6.1\Editor\VisualScripting.Core\Dependencies\YamlDotNet\Unity.VisualScripting.YamlDotNet.dll
Symbol file LoadedFromMemory doesn't match image E:\repositories\Warships\Library\PackageCache\com.unity.visualscripting@1.6.1\Editor\VisualScripting.Core\Dependencies\DotNetZip\Unity.VisualScripting.IonicZip.dll
Native extension for WindowsStandalone target not found
Refreshing native plugins compatible for Editor in 1.20 ms, found 2 plugins.
Preloading 0 native plugins for Editor in 0.00 ms.
Mono: successfully reloaded assembly
- Completed reload, in  1.983 seconds
Platform modules already initialized, skipping
Refreshing native plugins compatible for Editor in 1.12 ms, found 2 plugins.
Preloading 0 native plugins for Editor in 0.00 ms.
Unloading 3384 Unused Serialized files (Serialized files now loaded: 0)
System memory in use before: 132.4 MB.
System memory in use after: 132.5 MB.

Unloading 16 unused Assets to reduce memory usage. Loaded Objects now: 3965.
Total: 6.867100 ms (FindLiveObjects: 0.613500 ms CreateObjectMapping: 0.398100 ms MarkObjects: 5.578400 ms  DeleteObjects: 0.273800 ms)

========================================================================
Received Import Request.
  Time since last request: 12.390561 seconds.
  path: Assets/Prefab/Ships/ShipBlade.prefab
  artifactKey: Guid(50ae84eaf89f2914c8157c0d0b92e6a7) Importer(815301076,1909f56bfc062723c751e8b465ee728b)
Start importing Assets/Prefab/Ships/ShipBlade.prefab using Guid(50ae84eaf89f2914c8157c0d0b92e6a7) Importer(815301076,1909f56bfc062723c751e8b465ee728b)  -> (artifact id: '820b6ad66f469247dbcd1bc126961f38') in 0.115452 seconds 
========================================================================
Received Prepare
Registering precompiled user dll's ...
Registered in 0.004916 seconds.
Begin MonoManager ReloadAssembly
Symbol file LoadedFromMemory doesn't match image E:\repositories\Warships\Library\PackageCache\com.unity.visualscripting@1.6.1\Editor\VisualScripting.Core\Dependencies\YamlDotNet\Unity.VisualScripting.YamlDotNet.dll
Symbol file LoadedFromMemory doesn't match image E:\repositories\Warships\Library\PackageCache\com.unity.visualscripting@1.6.1\Editor\VisualScripting.Core\Dependencies\DotNetZip\Unity.VisualScripting.IonicZip.dll
Native extension for WindowsStandalone target not found
Refreshing native plugins compatible for Editor in 1.22 ms, found 2 plugins.
Preloading 0 native plugins for Editor in 0.00 ms.
Mono: successfully reloaded assembly
- Completed reload, in  2.110 seconds
Platform modules already initialized, skipping
Refreshing native plugins compatible for Editor in 1.72 ms, found 2 plugins.
Preloading 0 native plugins for Editor in 0.00 ms.
Unloading 3384 Unused Serialized files (Serialized files now loaded: 0)
System memory in use before: 132.5 MB.
System memory in use after: 132.6 MB.

Unloading 16 unused Assets to reduce memory usage. Loaded Objects now: 3970.
Total: 3.762400 ms (FindLiveObjects: 0.375200 ms CreateObjectMapping: 0.203700 ms MarkObjects: 3.035700 ms  DeleteObjects: 0.145900 ms)

========================================================================
Received Import Request.
  Time since last request: 12.506976 seconds.
  path: Assets/Prefab/Ships/ShipBlade.prefab
  artifactKey: Guid(50ae84eaf89f2914c8157c0d0b92e6a7) Importer(815301076,1909f56bfc062723c751e8b465ee728b)
Start importing Assets/Prefab/Ships/ShipBlade.prefab using Guid(50ae84eaf89f2914c8157c0d0b92e6a7) Importer(815301076,1909f56bfc062723c751e8b465ee728b)  -> (artifact id: 'b8212621a8901536674acb8c673c61e7') in 0.124627 seconds 
========================================================================
Received Import Request.
  Time since last request: 9.094764 seconds.
  path: Assets/Prefab/Ships/ShipBlade.prefab
  artifactKey: Guid(50ae84eaf89f2914c8157c0d0b92e6a7) Importer(815301076,1909f56bfc062723c751e8b465ee728b)
Start importing Assets/Prefab/Ships/ShipBlade.prefab using Guid(50ae84eaf89f2914c8157c0d0b92e6a7) Importer(815301076,1909f56bfc062723c751e8b465ee728b)  -> (artifact id: 'eb4129279f1cb6c9ae5d31acf1dfc742') in 0.015105 seconds 
========================================================================
Received Import Request.
  Time since last request: 3.795643 seconds.
  path: Assets/Prefab/Ships/ShipBlade.prefab
  artifactKey: Guid(50ae84eaf89f2914c8157c0d0b92e6a7) Importer(815301076,1909f56bfc062723c751e8b465ee728b)
Start importing Assets/Prefab/Ships/ShipBlade.prefab using Guid(50ae84eaf89f2914c8157c0d0b92e6a7) Importer(815301076,1909f56bfc062723c751e8b465ee728b)  -> (artifact id: 'af85111bed94f71eaf39c5475c5cb713') in 0.014538 seconds 
========================================================================
Received Prepare
Registering precompiled user dll's ...
Registered in 0.004411 seconds.
Begin MonoManager ReloadAssembly
Symbol file LoadedFromMemory doesn't match image E:\repositories\Warships\Library\PackageCache\com.unity.visualscripting@1.6.1\Editor\VisualScripting.Core\Dependencies\YamlDotNet\Unity.VisualScripting.YamlDotNet.dll
Symbol file LoadedFromMemory doesn't match image E:\repositories\Warships\Library\PackageCache\com.unity.visualscripting@1.6.1\Editor\VisualScripting.Core\Dependencies\DotNetZip\Unity.VisualScripting.IonicZip.dll
Native extension for WindowsStandalone target not found
Refreshing native plugins compatible for Editor in 1.22 ms, found 2 plugins.
Preloading 0 native plugins for Editor in 0.00 ms.
Mono: successfully reloaded assembly
- Completed reload, in  1.897 seconds
Platform modules already initialized, skipping
Refreshing native plugins compatible for Editor in 0.98 ms, found 2 plugins.
Preloading 0 native plugins for Editor in 0.00 ms.
Unloading 3384 Unused Serialized files (Serialized files now loaded: 0)
System memory in use before: 132.5 MB.
System memory in use after: 132.6 MB.

Unloading 16 unused Assets to reduce memory usage. Loaded Objects now: 3975.
Total: 3.661000 ms (FindLiveObjects: 0.364500 ms CreateObjectMapping: 0.201100 ms MarkObjects: 2.943000 ms  DeleteObjects: 0.150700 ms)

========================================================================
Received Import Request.
  Time since last request: 37.977651 seconds.
  path: Assets/Prefab/Ships/ShipBlade.prefab
  artifactKey: Guid(50ae84eaf89f2914c8157c0d0b92e6a7) Importer(815301076,1909f56bfc062723c751e8b465ee728b)
Start importing Assets/Prefab/Ships/ShipBlade.prefab using Guid(50ae84eaf89f2914c8157c0d0b92e6a7) Importer(815301076,1909f56bfc062723c751e8b465ee728b)  -> (artifact id: '040ba1150ab1bd5f56b18fbe1bbcfb67') in 0.110155 seconds 
========================================================================
Received Import Request.
  Time since last request: 35.666403 seconds.
  path: Assets/Prefab/Ships/ShipBlade.prefab
  artifactKey: Guid(50ae84eaf89f2914c8157c0d0b92e6a7) Importer(815301076,1909f56bfc062723c751e8b465ee728b)
Start importing Assets/Prefab/Ships/ShipBlade.prefab using Guid(50ae84eaf89f2914c8157c0d0b92e6a7) Importer(815301076,1909f56bfc062723c751e8b465ee728b)  -> (artifact id: 'a187606c3cbdacb574ce04c0b7d4e886') in 0.036865 seconds 
========================================================================
Received Import Request.
  Time since last request: 3.074375 seconds.
  path: Assets/Prefab/Ships/ShipBlade.prefab
  artifactKey: Guid(50ae84eaf89f2914c8157c0d0b92e6a7) Importer(815301076,1909f56bfc062723c751e8b465ee728b)
Start importing Assets/Prefab/Ships/ShipBlade.prefab using Guid(50ae84eaf89f2914c8157c0d0b92e6a7) Importer(815301076,1909f56bfc062723c751e8b465ee728b)  -> (artifact id: 'b2f72c07abed67a0240e18b387af1370') in 0.014508 seconds 
========================================================================
Received Import Request.
  Time since last request: 12.320295 seconds.
  path: Assets/Prefab/Ships/ShipBlade.prefab
  artifactKey: Guid(50ae84eaf89f2914c8157c0d0b92e6a7) Importer(815301076,1909f56bfc062723c751e8b465ee728b)
Start importing Assets/Prefab/Ships/ShipBlade.prefab using Guid(50ae84eaf89f2914c8157c0d0b92e6a7) Importer(815301076,1909f56bfc062723c751e8b465ee728b)  -> (artifact id: 'db57e014e569ffba75c38601b0c8b401') in 0.016974 seconds 
========================================================================
Received Import Request.
  Time since last request: 2.871241 seconds.
  path: Assets/Prefab/Ships/ShipBlade.prefab
  artifactKey: Guid(50ae84eaf89f2914c8157c0d0b92e6a7) Importer(815301076,1909f56bfc062723c751e8b465ee728b)
Start importing Assets/Prefab/Ships/ShipBlade.prefab using Guid(50ae84eaf89f2914c8157c0d0b92e6a7) Importer(815301076,1909f56bfc062723c751e8b465ee728b)  -> (artifact id: '4e30f4ea2c3d66637ce2e444af55eb05') in 0.012721 seconds 
========================================================================
Received Prepare
Registering precompiled user dll's ...
Registered in 0.004583 seconds.
Begin MonoManager ReloadAssembly
Symbol file LoadedFromMemory doesn't match image E:\repositories\Warships\Library\PackageCache\com.unity.visualscripting@1.6.1\Editor\VisualScripting.Core\Dependencies\YamlDotNet\Unity.VisualScripting.YamlDotNet.dll
Symbol file LoadedFromMemory doesn't match image E:\repositories\Warships\Library\PackageCache\com.unity.visualscripting@1.6.1\Editor\VisualScripting.Core\Dependencies\DotNetZip\Unity.VisualScripting.IonicZip.dll
Native extension for WindowsStandalone target not found
Refreshing native plugins compatible for Editor in 2.00 ms, found 2 plugins.
Preloading 0 native plugins for Editor in 0.00 ms.
Mono: successfully reloaded assembly
- Completed reload, in  2.310 seconds
Platform modules already initialized, skipping
Refreshing native plugins compatible for Editor in 1.91 ms, found 2 plugins.
Preloading 0 native plugins for Editor in 0.00 ms.
Unloading 3384 Unused Serialized files (Serialized files now loaded: 0)
System memory in use before: 132.5 MB.
System memory in use after: 132.6 MB.

Unloading 16 unused Assets to reduce memory usage. Loaded Objects now: 3980.
Total: 3.839900 ms (FindLiveObjects: 0.366900 ms CreateObjectMapping: 0.262700 ms MarkObjects: 3.050900 ms  DeleteObjects: 0.157000 ms)

========================================================================
Received Import Request.
  Time since last request: 14.650300 seconds.
  path: Assets/Prefab/Ships/ShipBlade.prefab
  artifactKey: Guid(50ae84eaf89f2914c8157c0d0b92e6a7) Importer(815301076,1909f56bfc062723c751e8b465ee728b)
Start importing Assets/Prefab/Ships/ShipBlade.prefab using Guid(50ae84eaf89f2914c8157c0d0b92e6a7) Importer(815301076,1909f56bfc062723c751e8b465ee728b)  -> (artifact id: 'a298367a31547f258e2c74a0d26ded96') in 0.122375 seconds 
========================================================================
Received Prepare
Registering precompiled user dll's ...
Registered in 0.006077 seconds.
Begin MonoManager ReloadAssembly
Symbol file LoadedFromMemory doesn't match image E:\repositories\Warships\Library\PackageCache\com.unity.visualscripting@1.6.1\Editor\VisualScripting.Core\Dependencies\YamlDotNet\Unity.VisualScripting.YamlDotNet.dll
Symbol file LoadedFromMemory doesn't match image E:\repositories\Warships\Library\PackageCache\com.unity.visualscripting@1.6.1\Editor\VisualScripting.Core\Dependencies\DotNetZip\Unity.VisualScripting.IonicZip.dll
Native extension for WindowsStandalone target not found
Refreshing native plugins compatible for Editor in 1.23 ms, found 2 plugins.
Preloading 0 native plugins for Editor in 0.00 ms.
Mono: successfully reloaded assembly
- Completed reload, in  1.892 seconds
Platform modules already initialized, skipping
Refreshing native plugins compatible for Editor in 1.14 ms, found 2 plugins.
Preloading 0 native plugins for Editor in 0.00 ms.
Unloading 3384 Unused Serialized files (Serialized files now loaded: 0)
System memory in use before: 132.5 MB.
System memory in use after: 132.6 MB.

Unloading 16 unused Assets to reduce memory usage. Loaded Objects now: 3985.
Total: 3.696100 ms (FindLiveObjects: 0.362100 ms CreateObjectMapping: 0.204500 ms MarkObjects: 2.962600 ms  DeleteObjects: 0.165100 ms)

========================================================================
Received Import Request.
  Time since last request: 24.579612 seconds.
  path: Assets/Prefab/Ships/ShipBlade.prefab
  artifactKey: Guid(50ae84eaf89f2914c8157c0d0b92e6a7) Importer(815301076,1909f56bfc062723c751e8b465ee728b)
Start importing Assets/Prefab/Ships/ShipBlade.prefab using Guid(50ae84eaf89f2914c8157c0d0b92e6a7) Importer(815301076,1909f56bfc062723c751e8b465ee728b)  -> (artifact id: '282b3f0ca41c6e6d6306634672d9b49a') in 0.113254 seconds 
========================================================================
Received Prepare
Registering precompiled user dll's ...
Registered in 0.004519 seconds.
Begin MonoManager ReloadAssembly
Symbol file LoadedFromMemory doesn't match image E:\repositories\Warships\Library\PackageCache\com.unity.visualscripting@1.6.1\Editor\VisualScripting.Core\Dependencies\YamlDotNet\Unity.VisualScripting.YamlDotNet.dll
Symbol file LoadedFromMemory doesn't match image E:\repositories\Warships\Library\PackageCache\com.unity.visualscripting@1.6.1\Editor\VisualScripting.Core\Dependencies\DotNetZip\Unity.VisualScripting.IonicZip.dll
Native extension for WindowsStandalone target not found
Refreshing native plugins compatible for Editor in 1.22 ms, found 2 plugins.
Preloading 0 native plugins for Editor in 0.00 ms.
Mono: successfully reloaded assembly
- Completed reload, in  2.150 seconds
Platform modules already initialized, skipping
Refreshing native plugins compatible for Editor in 1.29 ms, found 2 plugins.
Preloading 0 native plugins for Editor in 0.00 ms.
Unloading 3384 Unused Serialized files (Serialized files now loaded: 0)
System memory in use before: 132.5 MB.
System memory in use after: 132.6 MB.

Unloading 16 unused Assets to reduce memory usage. Loaded Objects now: 3990.
Total: 3.696800 ms (FindLiveObjects: 0.376100 ms CreateObjectMapping: 0.211000 ms MarkObjects: 2.952600 ms  DeleteObjects: 0.155100 ms)

========================================================================
Received Import Request.
  Time since last request: 131.727454 seconds.
  path: Assets/Prefab/Ships/ShipBlade.prefab
  artifactKey: Guid(50ae84eaf89f2914c8157c0d0b92e6a7) Importer(815301076,1909f56bfc062723c751e8b465ee728b)
Start importing Assets/Prefab/Ships/ShipBlade.prefab using Guid(50ae84eaf89f2914c8157c0d0b92e6a7) Importer(815301076,1909f56bfc062723c751e8b465ee728b)  -> (artifact id: '86fc350e293f867a668ecae27a8c8a07') in 0.120125 seconds 
========================================================================
Received Prepare
Registering precompiled user dll's ...
Registered in 0.004650 seconds.
Begin MonoManager ReloadAssembly
Symbol file LoadedFromMemory doesn't match image E:\repositories\Warships\Library\PackageCache\com.unity.visualscripting@1.6.1\Editor\VisualScripting.Core\Dependencies\YamlDotNet\Unity.VisualScripting.YamlDotNet.dll
Symbol file LoadedFromMemory doesn't match image E:\repositories\Warships\Library\PackageCache\com.unity.visualscripting@1.6.1\Editor\VisualScripting.Core\Dependencies\DotNetZip\Unity.VisualScripting.IonicZip.dll
Native extension for WindowsStandalone target not found
Refreshing native plugins compatible for Editor in 1.72 ms, found 2 plugins.
Preloading 0 native plugins for Editor in 0.00 ms.
Mono: successfully reloaded assembly
- Completed reload, in  2.129 seconds
Platform modules already initialized, skipping
Refreshing native plugins compatible for Editor in 1.20 ms, found 2 plugins.
Preloading 0 native plugins for Editor in 0.00 ms.
Unloading 3384 Unused Serialized files (Serialized files now loaded: 0)
System memory in use before: 132.5 MB.
System memory in use after: 132.7 MB.

Unloading 16 unused Assets to reduce memory usage. Loaded Objects now: 3995.
Total: 4.257200 ms (FindLiveObjects: 0.531200 ms CreateObjectMapping: 0.441200 ms MarkObjects: 3.127200 ms  DeleteObjects: 0.155700 ms)

========================================================================
Received Import Request.
  Time since last request: 101.141144 seconds.
  path: Assets/Prefab/Ships/ShipBlade.prefab
  artifactKey: Guid(50ae84eaf89f2914c8157c0d0b92e6a7) Importer(815301076,1909f56bfc062723c751e8b465ee728b)
Start importing Assets/Prefab/Ships/ShipBlade.prefab using Guid(50ae84eaf89f2914c8157c0d0b92e6a7) Importer(815301076,1909f56bfc062723c751e8b465ee728b)  -> (artifact id: 'b54f4d359efc50af4e4a3ca9b8e7a668') in 0.123536 seconds 
========================================================================
Received Import Request.
  Time since last request: 1.084005 seconds.
  path: Assets/Prefab/Ships/ShipBlade.prefab
  artifactKey: Guid(50ae84eaf89f2914c8157c0d0b92e6a7) Importer(815301076,1909f56bfc062723c751e8b465ee728b)
Start importing Assets/Prefab/Ships/ShipBlade.prefab using Guid(50ae84eaf89f2914c8157c0d0b92e6a7) Importer(815301076,1909f56bfc062723c751e8b465ee728b)  -> (artifact id: 'bfc90838c8948b9c50bb56886cb95841') in 0.030271 seconds 
========================================================================
Received Import Request.
  Time since last request: 7.083109 seconds.
  path: Assets/Prefab/Ships/ShipBlade.prefab
  artifactKey: Guid(50ae84eaf89f2914c8157c0d0b92e6a7) Importer(815301076,1909f56bfc062723c751e8b465ee728b)
Start importing Assets/Prefab/Ships/ShipBlade.prefab using Guid(50ae84eaf89f2914c8157c0d0b92e6a7) Importer(815301076,1909f56bfc062723c751e8b465ee728b)  -> (artifact id: 'c9b925b0c0ab565898a9f353ed75c9c2') in 0.014136 seconds 
========================================================================
Received Import Request.
  Time since last request: 12.075096 seconds.
  path: Assets/Prefab/Ships/ShipBlade.prefab
  artifactKey: Guid(50ae84eaf89f2914c8157c0d0b92e6a7) Importer(815301076,1909f56bfc062723c751e8b465ee728b)
Start importing Assets/Prefab/Ships/ShipBlade.prefab using Guid(50ae84eaf89f2914c8157c0d0b92e6a7) Importer(815301076,1909f56bfc062723c751e8b465ee728b)  -> (artifact id: '9251bce30821c685d60d23e3c1fb4a93') in 0.014077 seconds 
========================================================================
Received Import Request.
  Time since last request: 1.288238 seconds.
  path: Assets/Prefab/Ships/ShipBlade.prefab
  artifactKey: Guid(50ae84eaf89f2914c8157c0d0b92e6a7) Importer(815301076,1909f56bfc062723c751e8b465ee728b)
Start importing Assets/Prefab/Ships/ShipBlade.prefab using Guid(50ae84eaf89f2914c8157c0d0b92e6a7) Importer(815301076,1909f56bfc062723c751e8b465ee728b)  -> (artifact id: '323bc5c31d2671b07524b68a3971f4fe') in 0.014585 seconds 
========================================================================
Received Import Request.
  Time since last request: 19.487597 seconds.
  path: Assets/Prefab/Ships/ShipBlade.prefab
  artifactKey: Guid(50ae84eaf89f2914c8157c0d0b92e6a7) Importer(815301076,1909f56bfc062723c751e8b465ee728b)
Start importing Assets/Prefab/Ships/ShipBlade.prefab using Guid(50ae84eaf89f2914c8157c0d0b92e6a7) Importer(815301076,1909f56bfc062723c751e8b465ee728b)  -> (artifact id: '329b04c85c160184e3dd916f95b76f82') in 0.019633 seconds 
========================================================================
Received Prepare
Registering precompiled user dll's ...
Registered in 0.004587 seconds.
Begin MonoManager ReloadAssembly
Symbol file LoadedFromMemory doesn't match image E:\repositories\Warships\Library\PackageCache\com.unity.visualscripting@1.6.1\Editor\VisualScripting.Core\Dependencies\YamlDotNet\Unity.VisualScripting.YamlDotNet.dll
Symbol file LoadedFromMemory doesn't match image E:\repositories\Warships\Library\PackageCache\com.unity.visualscripting@1.6.1\Editor\VisualScripting.Core\Dependencies\DotNetZip\Unity.VisualScripting.IonicZip.dll
Native extension for WindowsStandalone target not found
Refreshing native plugins compatible for Editor in 1.47 ms, found 2 plugins.
Preloading 0 native plugins for Editor in 0.00 ms.
Mono: successfully reloaded assembly
- Completed reload, in  2.182 seconds
Platform modules already initialized, skipping
Refreshing native plugins compatible for Editor in 1.20 ms, found 2 plugins.
Preloading 0 native plugins for Editor in 0.00 ms.
Unloading 3384 Unused Serialized files (Serialized files now loaded: 0)
System memory in use before: 132.6 MB.
System memory in use after: 132.7 MB.

Unloading 16 unused Assets to reduce memory usage. Loaded Objects now: 4000.
Total: 6.299800 ms (FindLiveObjects: 0.650200 ms CreateObjectMapping: 0.528900 ms MarkObjects: 4.826200 ms  DeleteObjects: 0.290900 ms)

========================================================================
Received Import Request.
  Time since last request: 27.616674 seconds.
  path: Assets/Prefab/Ships/ShipBlade.prefab
  artifactKey: Guid(50ae84eaf89f2914c8157c0d0b92e6a7) Importer(815301076,1909f56bfc062723c751e8b465ee728b)
Start importing Assets/Prefab/Ships/ShipBlade.prefab using Guid(50ae84eaf89f2914c8157c0d0b92e6a7) Importer(815301076,1909f56bfc062723c751e8b465ee728b)  -> (artifact id: 'b02df51c58ab6d8b455d5674714ef661') in 0.109143 seconds 
========================================================================
Received Import Request.
  Time since last request: 8.156324 seconds.
  path: Assets/Prefab/Ships/ShipBlade.prefab
  artifactKey: Guid(50ae84eaf89f2914c8157c0d0b92e6a7) Importer(815301076,1909f56bfc062723c751e8b465ee728b)
Start importing Assets/Prefab/Ships/ShipBlade.prefab using Guid(50ae84eaf89f2914c8157c0d0b92e6a7) Importer(815301076,1909f56bfc062723c751e8b465ee728b)  -> (artifact id: '4e7a2f0bda608eb4272406683d3ad6be') in 0.021757 seconds 
========================================================================
Received Import Request.
  Time since last request: 3.183679 seconds.
  path: Assets/Prefab/Ships/ShipBlade.prefab
  artifactKey: Guid(50ae84eaf89f2914c8157c0d0b92e6a7) Importer(815301076,1909f56bfc062723c751e8b465ee728b)
Start importing Assets/Prefab/Ships/ShipBlade.prefab using Guid(50ae84eaf89f2914c8157c0d0b92e6a7) Importer(815301076,1909f56bfc062723c751e8b465ee728b)  -> (artifact id: '810dab51d096eff34d91d6d731f1786f') in 0.019174 seconds 
========================================================================
Received Prepare
Registering precompiled user dll's ...
Registered in 0.005802 seconds.
Begin MonoManager ReloadAssembly
Symbol file LoadedFromMemory doesn't match image E:\repositories\Warships\Library\PackageCache\com.unity.visualscripting@1.6.1\Editor\VisualScripting.Core\Dependencies\YamlDotNet\Unity.VisualScripting.YamlDotNet.dll
Symbol file LoadedFromMemory doesn't match image E:\repositories\Warships\Library\PackageCache\com.unity.visualscripting@1.6.1\Editor\VisualScripting.Core\Dependencies\DotNetZip\Unity.VisualScripting.IonicZip.dll
Native extension for WindowsStandalone target not found
Refreshing native plugins compatible for Editor in 1.36 ms, found 2 plugins.
Preloading 0 native plugins for Editor in 0.00 ms.
Mono: successfully reloaded assembly
- Completed reload, in  2.033 seconds
Platform modules already initialized, skipping
Refreshing native plugins compatible for Editor in 1.20 ms, found 2 plugins.
Preloading 0 native plugins for Editor in 0.00 ms.
Unloading 3384 Unused Serialized files (Serialized files now loaded: 0)
System memory in use before: 132.6 MB.
System memory in use after: 132.7 MB.

Unloading 16 unused Assets to reduce memory usage. Loaded Objects now: 4005.
Total: 4.198200 ms (FindLiveObjects: 0.439500 ms CreateObjectMapping: 0.255700 ms MarkObjects: 3.328700 ms  DeleteObjects: 0.172200 ms)

========================================================================
Received Import Request.
  Time since last request: 24.853319 seconds.
  path: Assets/Prefab/Ships/ShipBlade.prefab
  artifactKey: Guid(50ae84eaf89f2914c8157c0d0b92e6a7) Importer(815301076,1909f56bfc062723c751e8b465ee728b)
Start importing Assets/Prefab/Ships/ShipBlade.prefab using Guid(50ae84eaf89f2914c8157c0d0b92e6a7) Importer(815301076,1909f56bfc062723c751e8b465ee728b)  -> (artifact id: 'ef4e2f0c593c9b8c39053947ca909aeb') in 0.128856 seconds 
========================================================================
Received Import Request.
  Time since last request: 8.521888 seconds.
  path: Assets/Prefab/Ships/ShipBlade.prefab
  artifactKey: Guid(50ae84eaf89f2914c8157c0d0b92e6a7) Importer(815301076,1909f56bfc062723c751e8b465ee728b)
Start importing Assets/Prefab/Ships/ShipBlade.prefab using Guid(50ae84eaf89f2914c8157c0d0b92e6a7) Importer(815301076,1909f56bfc062723c751e8b465ee728b)  -> (artifact id: 'fc5381ebc3408a08e93663cfeea8b1e5') in 0.013647 seconds 
========================================================================
Received Import Request.
  Time since last request: 5.297063 seconds.
  path: Assets/Prefab/Ships/ShipBlade.prefab
  artifactKey: Guid(50ae84eaf89f2914c8157c0d0b92e6a7) Importer(815301076,1909f56bfc062723c751e8b465ee728b)
Start importing Assets/Prefab/Ships/ShipBlade.prefab using Guid(50ae84eaf89f2914c8157c0d0b92e6a7) Importer(815301076,1909f56bfc062723c751e8b465ee728b)  -> (artifact id: 'b0382f95263f3ec839033e142c08242d') in 0.015512 seconds 
========================================================================
Received Import Request.
  Time since last request: 3.782281 seconds.
  path: Assets/Prefab/Ships/ShipBlade.prefab
  artifactKey: Guid(50ae84eaf89f2914c8157c0d0b92e6a7) Importer(815301076,1909f56bfc062723c751e8b465ee728b)
Start importing Assets/Prefab/Ships/ShipBlade.prefab using Guid(50ae84eaf89f2914c8157c0d0b92e6a7) Importer(815301076,1909f56bfc062723c751e8b465ee728b)  -> (artifact id: 'c32321f30f1ab6b974ad5a5afac7aa96') in 0.014271 seconds 
========================================================================
Received Prepare
Registering precompiled user dll's ...
Registered in 0.004833 seconds.
Begin MonoManager ReloadAssembly
Symbol file LoadedFromMemory doesn't match image E:\repositories\Warships\Library\PackageCache\com.unity.visualscripting@1.6.1\Editor\VisualScripting.Core\Dependencies\YamlDotNet\Unity.VisualScripting.YamlDotNet.dll
Symbol file LoadedFromMemory doesn't match image E:\repositories\Warships\Library\PackageCache\com.unity.visualscripting@1.6.1\Editor\VisualScripting.Core\Dependencies\DotNetZip\Unity.VisualScripting.IonicZip.dll
Native extension for WindowsStandalone target not found
Refreshing native plugins compatible for Editor in 1.23 ms, found 2 plugins.
Preloading 0 native plugins for Editor in 0.00 ms.
Mono: successfully reloaded assembly
- Completed reload, in  1.820 seconds
Platform modules already initialized, skipping
Refreshing native plugins compatible for Editor in 1.10 ms, found 2 plugins.
Preloading 0 native plugins for Editor in 0.00 ms.
Unloading 3384 Unused Serialized files (Serialized files now loaded: 0)
System memory in use before: 132.6 MB.
System memory in use after: 132.7 MB.

Unloading 16 unused Assets to reduce memory usage. Loaded Objects now: 4010.
Total: 7.070400 ms (FindLiveObjects: 0.665500 ms CreateObjectMapping: 0.428000 ms MarkObjects: 5.691300 ms  DeleteObjects: 0.282200 ms)

========================================================================
Received Import Request.
  Time since last request: 26.190207 seconds.
  path: Assets/Prefab/Ships/ShipBlade.prefab
  artifactKey: Guid(50ae84eaf89f2914c8157c0d0b92e6a7) Importer(815301076,1909f56bfc062723c751e8b465ee728b)
Start importing Assets/Prefab/Ships/ShipBlade.prefab using Guid(50ae84eaf89f2914c8157c0d0b92e6a7) Importer(815301076,1909f56bfc062723c751e8b465ee728b)  -> (artifact id: '4010906ac8f616f687fe1cd6b135da41') in 0.101614 seconds 
========================================================================
Received Prepare
Registering precompiled user dll's ...
Registered in 0.009039 seconds.
Begin MonoManager ReloadAssembly
Symbol file LoadedFromMemory doesn't match image E:\repositories\Warships\Library\PackageCache\com.unity.visualscripting@1.6.1\Editor\VisualScripting.Core\Dependencies\YamlDotNet\Unity.VisualScripting.YamlDotNet.dll
Symbol file LoadedFromMemory doesn't match image E:\repositories\Warships\Library\PackageCache\com.unity.visualscripting@1.6.1\Editor\VisualScripting.Core\Dependencies\DotNetZip\Unity.VisualScripting.IonicZip.dll
Native extension for WindowsStandalone target not found
Refreshing native plugins compatible for Editor in 1.40 ms, found 2 plugins.
Preloading 0 native plugins for Editor in 0.00 ms.
Mono: successfully reloaded assembly
- Completed reload, in  2.037 seconds
Platform modules already initialized, skipping
Refreshing native plugins compatible for Editor in 1.41 ms, found 2 plugins.
Preloading 0 native plugins for Editor in 0.00 ms.
Unloading 3384 Unused Serialized files (Serialized files now loaded: 0)
System memory in use before: 132.6 MB.
System memory in use after: 132.7 MB.

Unloading 16 unused Assets to reduce memory usage. Loaded Objects now: 4015.
Total: 3.819100 ms (FindLiveObjects: 0.384500 ms CreateObjectMapping: 0.212600 ms MarkObjects: 3.066900 ms  DeleteObjects: 0.153100 ms)

========================================================================
Received Import Request.
  Time since last request: 48.681278 seconds.
  path: Assets/Prefab/Ships/ShipBlade.prefab
  artifactKey: Guid(50ae84eaf89f2914c8157c0d0b92e6a7) Importer(815301076,1909f56bfc062723c751e8b465ee728b)
Start importing Assets/Prefab/Ships/ShipBlade.prefab using Guid(50ae84eaf89f2914c8157c0d0b92e6a7) Importer(815301076,1909f56bfc062723c751e8b465ee728b)  -> (artifact id: '6d12e271276570a5773138838023dfd2') in 0.122907 seconds 
========================================================================
Received Import Request.
  Time since last request: 10.765038 seconds.
  path: Assets/Prefab/Ships/ShipBlade.prefab
  artifactKey: Guid(50ae84eaf89f2914c8157c0d0b92e6a7) Importer(815301076,1909f56bfc062723c751e8b465ee728b)
Start importing Assets/Prefab/Ships/ShipBlade.prefab using Guid(50ae84eaf89f2914c8157c0d0b92e6a7) Importer(815301076,1909f56bfc062723c751e8b465ee728b)  -> (artifact id: '614e78a2b4bc1efe986b06e510299f37') in 0.012910 seconds 
========================================================================
Received Import Request.
  Time since last request: 3.832781 seconds.
  path: Assets/Prefab/Ships/ShipBlade.prefab
  artifactKey: Guid(50ae84eaf89f2914c8157c0d0b92e6a7) Importer(815301076,1909f56bfc062723c751e8b465ee728b)
Start importing Assets/Prefab/Ships/ShipBlade.prefab using Guid(50ae84eaf89f2914c8157c0d0b92e6a7) Importer(815301076,1909f56bfc062723c751e8b465ee728b)  -> (artifact id: 'ffbb5bb50c84354e9a64a7950bb75622') in 0.035055 seconds 
========================================================================
Received Import Request.
  Time since last request: 3.593056 seconds.
  path: Assets/Prefab/Ships/ShipBlade.prefab
  artifactKey: Guid(50ae84eaf89f2914c8157c0d0b92e6a7) Importer(815301076,1909f56bfc062723c751e8b465ee728b)
Start importing Assets/Prefab/Ships/ShipBlade.prefab using Guid(50ae84eaf89f2914c8157c0d0b92e6a7) Importer(815301076,1909f56bfc062723c751e8b465ee728b)  -> (artifact id: '68ed334d65766d67b371eddc32cc04f5') in 0.012229 seconds 
========================================================================
Received Prepare
Registering precompiled user dll's ...
Registered in 0.004641 seconds.
Begin MonoManager ReloadAssembly
Symbol file LoadedFromMemory doesn't match image E:\repositories\Warships\Library\PackageCache\com.unity.visualscripting@1.6.1\Editor\VisualScripting.Core\Dependencies\YamlDotNet\Unity.VisualScripting.YamlDotNet.dll
Symbol file LoadedFromMemory doesn't match image E:\repositories\Warships\Library\PackageCache\com.unity.visualscripting@1.6.1\Editor\VisualScripting.Core\Dependencies\DotNetZip\Unity.VisualScripting.IonicZip.dll
Native extension for WindowsStandalone target not found
Refreshing native plugins compatible for Editor in 1.34 ms, found 2 plugins.
Preloading 0 native plugins for Editor in 0.00 ms.
Mono: successfully reloaded assembly
- Completed reload, in  1.781 seconds
Platform modules already initialized, skipping
Refreshing native plugins compatible for Editor in 1.19 ms, found 2 plugins.
Preloading 0 native plugins for Editor in 0.00 ms.
Unloading 3384 Unused Serialized files (Serialized files now loaded: 0)
System memory in use before: 132.7 MB.
System memory in use after: 132.8 MB.

Unloading 16 unused Assets to reduce memory usage. Loaded Objects now: 4020.
Total: 3.709500 ms (FindLiveObjects: 0.382900 ms CreateObjectMapping: 0.203700 ms MarkObjects: 2.973200 ms  DeleteObjects: 0.148000 ms)

========================================================================
Received Import Request.
  Time since last request: 30.361608 seconds.
  path: Assets/Prefab/Ships/ShipBlade.prefab
  artifactKey: Guid(50ae84eaf89f2914c8157c0d0b92e6a7) Importer(815301076,1909f56bfc062723c751e8b465ee728b)
Start importing Assets/Prefab/Ships/ShipBlade.prefab using Guid(50ae84eaf89f2914c8157c0d0b92e6a7) Importer(815301076,1909f56bfc062723c751e8b465ee728b)  -> (artifact id: 'ec2f18ed04703c417fb2a18e71c46405') in 0.153202 seconds 
========================================================================
Received Import Request.
  Time since last request: 2.965119 seconds.
  path: Assets/Prefab/Ships/ShipBlade.prefab
  artifactKey: Guid(50ae84eaf89f2914c8157c0d0b92e6a7) Importer(815301076,1909f56bfc062723c751e8b465ee728b)
Start importing Assets/Prefab/Ships/ShipBlade.prefab using Guid(50ae84eaf89f2914c8157c0d0b92e6a7) Importer(815301076,1909f56bfc062723c751e8b465ee728b)  -> (artifact id: 'ec14affd5457046aba61d5fb2e21fdb6') in 0.012448 seconds 
========================================================================
Received Prepare
Registering precompiled user dll's ...
Registered in 0.004767 seconds.
Begin MonoManager ReloadAssembly
Symbol file LoadedFromMemory doesn't match image E:\repositories\Warships\Library\PackageCache\com.unity.visualscripting@1.6.1\Editor\VisualScripting.Core\Dependencies\YamlDotNet\Unity.VisualScripting.YamlDotNet.dll
Symbol file LoadedFromMemory doesn't match image E:\repositories\Warships\Library\PackageCache\com.unity.visualscripting@1.6.1\Editor\VisualScripting.Core\Dependencies\DotNetZip\Unity.VisualScripting.IonicZip.dll
Native extension for WindowsStandalone target not found
Refreshing native plugins compatible for Editor in 1.27 ms, found 2 plugins.
Preloading 0 native plugins for Editor in 0.00 ms.
Mono: successfully reloaded assembly
- Completed reload, in  1.968 seconds
Platform modules already initialized, skipping
Refreshing native plugins compatible for Editor in 1.46 ms, found 2 plugins.
Preloading 0 native plugins for Editor in 0.00 ms.
Unloading 3384 Unused Serialized files (Serialized files now loaded: 0)
System memory in use before: 132.7 MB.
System memory in use after: 132.8 MB.

Unloading 16 unused Assets to reduce memory usage. Loaded Objects now: 4025.
Total: 6.964200 ms (FindLiveObjects: 0.650600 ms CreateObjectMapping: 0.429300 ms MarkObjects: 5.609200 ms  DeleteObjects: 0.271200 ms)

========================================================================
Received Import Request.
  Time since last request: 26.972819 seconds.
  path: Assets/Prefab/Ships/ShipBlade.prefab
  artifactKey: Guid(50ae84eaf89f2914c8157c0d0b92e6a7) Importer(815301076,1909f56bfc062723c751e8b465ee728b)
Start importing Assets/Prefab/Ships/ShipBlade.prefab using Guid(50ae84eaf89f2914c8157c0d0b92e6a7) Importer(815301076,1909f56bfc062723c751e8b465ee728b)  -> (artifact id: '7445515b89ce9843b7323544b0d57fad') in 0.100006 seconds 
========================================================================
Received Prepare
Registering precompiled user dll's ...
Registered in 0.004562 seconds.
Begin MonoManager ReloadAssembly
Symbol file LoadedFromMemory doesn't match image E:\repositories\Warships\Library\PackageCache\com.unity.visualscripting@1.6.1\Editor\VisualScripting.Core\Dependencies\YamlDotNet\Unity.VisualScripting.YamlDotNet.dll
Symbol file LoadedFromMemory doesn't match image E:\repositories\Warships\Library\PackageCache\com.unity.visualscripting@1.6.1\Editor\VisualScripting.Core\Dependencies\DotNetZip\Unity.VisualScripting.IonicZip.dll
Native extension for WindowsStandalone target not found
Refreshing native plugins compatible for Editor in 1.26 ms, found 2 plugins.
Preloading 0 native plugins for Editor in 0.00 ms.
Mono: successfully reloaded assembly
- Completed reload, in  1.977 seconds
Platform modules already initialized, skipping
Refreshing native plugins compatible for Editor in 1.22 ms, found 2 plugins.
Preloading 0 native plugins for Editor in 0.00 ms.
Unloading 3384 Unused Serialized files (Serialized files now loaded: 0)
System memory in use before: 132.7 MB.
System memory in use after: 132.8 MB.

Unloading 16 unused Assets to reduce memory usage. Loaded Objects now: 4030.
Total: 5.639000 ms (FindLiveObjects: 0.390600 ms CreateObjectMapping: 0.225400 ms MarkObjects: 4.763800 ms  DeleteObjects: 0.256800 ms)

AssetImportWorkerClient::OnTransportError - code=2 error=End of file
